[+] /usr (external glibc-2.31-de3tje6inatgbz3rjz3xp3aukkygargn)
[+] /home/zhaijidong/yhy/.local/spack/opt/spack/linux-ubuntu20.04-x86_64/gcc-9.4.0/gcc-runtime-9.4.0-364dscy4etdzd5euxlotyq36luozog7j
==> Installing ca-certificates-mozilla-2023-05-30-kst6s3c7bv7t27d4weawbwb546mjfr5i [3/78]
==> No binary for ca-certificates-mozilla-2023-05-30-kst6s3c7bv7t27d4weawbwb546mjfr5i found: installing from source
==> Fetching https://mirror.spack.io/_source-cache/archive/5f/5fadcae90aa4ae041150f8e2d26c37d980522cdb49f923fc1e1b5eb8d74e71ad
==> No patches needed for ca-certificates-mozilla
==> ca-certificates-mozilla: Executing phase: 'install'
==> ca-certificates-mozilla: Successfully installed ca-certificates-mozilla-2023-05-30-kst6s3c7bv7t27d4weawbwb546mjfr5i
  Stage: 3.81s.  Install: 0.01s.  Post-install: 0.10s.  Total: 4.11s
[+] /home/zhaijidong/yhy/.local/spack/opt/spack/linux-ubuntu20.04-x86_64/gcc-9.4.0/ca-certificates-mozilla-2023-05-30-kst6s3c7bv7t27d4weawbwb546mjfr5i
[+] /home/zhaijidong/yhy/.local/spack/opt/spack/linux-ubuntu20.04-x86_64/gcc-9.4.0/zlib-ng-2.1.6-jikq2r2bsiyv7smwtwiluhsfjk2p6nt7
[+] /home/zhaijidong/yhy/.local/spack/opt/spack/linux-ubuntu20.04-x86_64/gcc-9.4.0/libiconv-1.17-ornmhvcepi2gxrpb6wd42ptonwx6ty4n
[+] /home/zhaijidong/yhy/.local/spack/opt/spack/linux-ubuntu20.04-x86_64/gcc-9.4.0/xz-5.4.6-l5jaz47ycs7gulaa5hqsbnrhxxq3pjpk
[+] /home/zhaijidong/yhy/.local/spack/opt/spack/linux-ubuntu20.04-x86_64/gcc-9.4.0/gmake-4.4.1-ny6g4tvy3dcpfdbgdlhr3hbg5mv3udvc
==> Installing diffutils-3.10-62nlftdzkjcopxfaed3tg53pmkttzk2l [8/78]
==> No binary for diffutils-3.10-62nlftdzkjcopxfaed3tg53pmkttzk2l found: installing from source
==> Fetching https://ftpmirror.gnu.org/diffutils/diffutils-3.10.tar.xz
==> No patches needed for diffutils
==> diffutils: Executing phase: 'autoreconf'
==> diffutils: Executing phase: 'configure'
==> diffutils: Executing phase: 'build'
==> diffutils: Executing phase: 'install'
==> diffutils: Successfully installed diffutils-3.10-62nlftdzkjcopxfaed3tg53pmkttzk2l
  Stage: 4.69s.  Autoreconf: 0.00s.  Configure: 25.92s.  Build: 4.93s.  Install: 1.38s.  Post-install: 0.30s.  Total: 37.46s
[+] /home/zhaijidong/yhy/.local/spack/opt/spack/linux-ubuntu20.04-x86_64/gcc-9.4.0/diffutils-3.10-62nlftdzkjcopxfaed3tg53pmkttzk2l
==> Installing re2c-2.2-tws4ij4g2ppixvnpl4ctjimxy7pivk5y [9/78]
==> No binary for re2c-2.2-tws4ij4g2ppixvnpl4ctjimxy7pivk5y found: installing from source
==> Fetching https://mirror.spack.io/_source-cache/archive/0f/0fc45e4130a8a555d68e230d1795de0216dfe99096b61b28e67c86dfd7d86bda.tar.xz
==> No patches needed for re2c
==> re2c: Executing phase: 'configure'
==> re2c: Executing phase: 'build'
==> re2c: Executing phase: 'install'
==> re2c: Successfully installed re2c-2.2-tws4ij4g2ppixvnpl4ctjimxy7pivk5y
  Stage: 2.39s.  Configure: 4.50s.  Build: 13.73s.  Install: 0.23s.  Post-install: 0.22s.  Total: 21.19s
[+] /home/zhaijidong/yhy/.local/spack/opt/spack/linux-ubuntu20.04-x86_64/gcc-9.4.0/re2c-2.2-tws4ij4g2ppixvnpl4ctjimxy7pivk5y
==> Installing zstd-1.5.6-tmhzkigwbk4ifrxnnixkltvy6akiwqot [10/78]
==> No binary for zstd-1.5.6-tmhzkigwbk4ifrxnnixkltvy6akiwqot found: installing from source
==> Fetching https://github.com/facebook/zstd/archive/v1.5.6.tar.gz
==> No patches needed for zstd
==> zstd: Executing phase: 'edit'
==> zstd: Executing phase: 'build'
==> zstd: Executing phase: 'install'
==> zstd: Successfully installed zstd-1.5.6-tmhzkigwbk4ifrxnnixkltvy6akiwqot
  Stage: 24.26s.  Edit: 0.00s.  Build: 0.00s.  Install: 16.08s.  Post-install: 0.10s.  Total: 40.54s
[+] /home/zhaijidong/yhy/.local/spack/opt/spack/linux-ubuntu20.04-x86_64/gcc-9.4.0/zstd-1.5.6-tmhzkigwbk4ifrxnnixkltvy6akiwqot
==> Installing util-macros-1.20.1-ewht36kd3gt3ivlngb5meueg3atojtdz [11/78]
==> No binary for util-macros-1.20.1-ewht36kd3gt3ivlngb5meueg3atojtdz found: installing from source
==> Fetching https://www.x.org/archive/individual/util/util-macros-1.20.1.tar.xz
==> No patches needed for util-macros
==> util-macros: Executing phase: 'autoreconf'
==> util-macros: Executing phase: 'configure'
==> util-macros: Executing phase: 'build'
==> util-macros: Executing phase: 'install'
==> util-macros: Successfully installed util-macros-1.20.1-ewht36kd3gt3ivlngb5meueg3atojtdz
  Stage: 3.63s.  Autoreconf: 0.00s.  Configure: 1.23s.  Build: 0.00s.  Install: 0.09s.  Post-install: 0.07s.  Total: 5.14s
[+] /home/zhaijidong/yhy/.local/spack/opt/spack/linux-ubuntu20.04-x86_64/gcc-9.4.0/util-macros-1.20.1-ewht36kd3gt3ivlngb5meueg3atojtdz
==> Installing libsigsegv-2.14-asyqhr7fygbkeostfx2icb3c52limo4r [12/78]
==> No binary for libsigsegv-2.14-asyqhr7fygbkeostfx2icb3c52limo4r found: installing from source
==> Fetching https://mirror.spack.io/_source-cache/archive/cd/cdac3941803364cf81a908499beb79c200ead60b6b5b40cad124fd1e06caa295.tar.gz
==> No patches needed for libsigsegv
==> libsigsegv: Executing phase: 'autoreconf'
==> libsigsegv: Executing phase: 'configure'
==> libsigsegv: Executing phase: 'build'
==> libsigsegv: Executing phase: 'install'
==> libsigsegv: Successfully installed libsigsegv-2.14-asyqhr7fygbkeostfx2icb3c52limo4r
  Stage: 1.87s.  Autoreconf: 0.00s.  Configure: 3.93s.  Build: 0.75s.  Install: 0.44s.  Post-install: 0.08s.  Total: 7.22s
[+] /home/zhaijidong/yhy/.local/spack/opt/spack/linux-ubuntu20.04-x86_64/gcc-9.4.0/libsigsegv-2.14-asyqhr7fygbkeostfx2icb3c52limo4r
==> Installing pkgconf-2.2.0-ih5mefeqaa53gftlzdmahle3pariqbri [13/78]
==> No binary for pkgconf-2.2.0-ih5mefeqaa53gftlzdmahle3pariqbri found: installing from source
==> Using cached archive: /home/zhaijidong/yhy/.local/spack/var/spack/cache/_source-cache/archive/b0/b06ff63a83536aa8c2f6422fa80ad45e4833f590266feb14eaddfe1d4c853c69.tar.xz
==> No patches needed for pkgconf
==> pkgconf: Executing phase: 'autoreconf'
==> pkgconf: Executing phase: 'configure'
==> pkgconf: Executing phase: 'build'
==> pkgconf: Executing phase: 'install'
==> pkgconf: Successfully installed pkgconf-2.2.0-ih5mefeqaa53gftlzdmahle3pariqbri
  Stage: 0.06s.  Autoreconf: 0.00s.  Configure: 2.70s.  Build: 1.15s.  Install: 0.35s.  Post-install: 0.11s.  Total: 4.55s
[+] /home/zhaijidong/yhy/.local/spack/opt/spack/linux-ubuntu20.04-x86_64/gcc-9.4.0/pkgconf-2.2.0-ih5mefeqaa53gftlzdmahle3pariqbri
==> Installing pcre2-10.43-pgnziefroopocvbz7smfxl4huon4cxwz [14/78]
==> No binary for pcre2-10.43-pgnziefroopocvbz7smfxl4huon4cxwz found: installing from source
==> Fetching https://github.com/PCRE2Project/pcre2/releases/download/pcre2-10.43/pcre2-10.43.tar.bz2
==> No patches needed for pcre2
==> pcre2: Executing phase: 'autoreconf'
==> pcre2: Executing phase: 'configure'
==> pcre2: Executing phase: 'build'
==> pcre2: Executing phase: 'install'
==> pcre2: Successfully installed pcre2-10.43-pgnziefroopocvbz7smfxl4huon4cxwz
  Stage: 21.11s.  Autoreconf: 0.00s.  Configure: 3.51s.  Build: 11.97s.  Install: 0.67s.  Post-install: 0.42s.  Total: 37.81s
[+] /home/zhaijidong/yhy/.local/spack/opt/spack/linux-ubuntu20.04-x86_64/gcc-9.4.0/pcre2-10.43-pgnziefroopocvbz7smfxl4huon4cxwz
==> Installing libffi-3.4.6-7kwr33fkq2qrgaa6tu6jonjbpzekfvtk [15/78]
==> No binary for libffi-3.4.6-7kwr33fkq2qrgaa6tu6jonjbpzekfvtk found: installing from source
==> Fetching https://github.com/libffi/libffi/releases/download/v3.4.6/libffi-3.4.6.tar.gz
==> No patches needed for libffi
==> libffi: Executing phase: 'autoreconf'
==> libffi: Executing phase: 'configure'
==> libffi: Executing phase: 'build'
==> libffi: Executing phase: 'install'
==> libffi: Successfully installed libffi-3.4.6-7kwr33fkq2qrgaa6tu6jonjbpzekfvtk
  Stage: 16.94s.  Autoreconf: 0.00s.  Configure: 4.24s.  Build: 1.45s.  Install: 0.56s.  Post-install: 0.09s.  Total: 23.43s
[+] /home/zhaijidong/yhy/.local/spack/opt/spack/linux-ubuntu20.04-x86_64/gcc-9.4.0/libffi-3.4.6-7kwr33fkq2qrgaa6tu6jonjbpzekfvtk
==> Installing autoconf-archive-2023.02.20-w3xmuch7z5zjslczhghqw6sz5bwgaw6b [16/78]
==> No binary for autoconf-archive-2023.02.20-w3xmuch7z5zjslczhghqw6sz5bwgaw6b found: installing from source
==> Fetching https://mirror.spack.io/_source-cache/archive/71/71d4048479ae28f1f5794619c3d72df9c01df49b1c628ef85fde37596dc31a33.tar.xz
==> No patches needed for autoconf-archive
==> autoconf-archive: Executing phase: 'autoreconf'
==> autoconf-archive: Executing phase: 'configure'
==> autoconf-archive: Executing phase: 'build'
==> autoconf-archive: Executing phase: 'install'
==> autoconf-archive: Successfully installed autoconf-archive-2023.02.20-w3xmuch7z5zjslczhghqw6sz5bwgaw6b
  Stage: 2.05s.  Autoreconf: 0.00s.  Configure: 1.30s.  Build: 0.04s.  Install: 1.38s.  Post-install: 0.95s.  Total: 5.84s
[+] /home/zhaijidong/yhy/.local/spack/opt/spack/linux-ubuntu20.04-x86_64/gcc-9.4.0/autoconf-archive-2023.02.20-w3xmuch7z5zjslczhghqw6sz5bwgaw6b
==> Installing pigz-2.8-go52iopt7rhlwozmhvwfyovawg2v423a [17/78]
==> No binary for pigz-2.8-go52iopt7rhlwozmhvwfyovawg2v423a found: installing from source
==> Fetching https://github.com/madler/pigz/archive/v2.8.tar.gz
==> No patches needed for pigz
==> pigz: Executing phase: 'edit'
==> pigz: Executing phase: 'build'
==> pigz: Executing phase: 'install'
==> pigz: Successfully installed pigz-2.8-go52iopt7rhlwozmhvwfyovawg2v423a
  Stage: 8.36s.  Edit: 0.00s.  Build: 1.48s.  Install: 0.01s.  Post-install: 0.07s.  Total: 10.14s
[+] /home/zhaijidong/yhy/.local/spack/opt/spack/linux-ubuntu20.04-x86_64/gcc-9.4.0/pigz-2.8-go52iopt7rhlwozmhvwfyovawg2v423a
==> Installing lz4-1.9.4-axmktsmdoaiyh2bzhus2oxpd3ck3d3hf [18/78]
==> No binary for lz4-1.9.4-axmktsmdoaiyh2bzhus2oxpd3ck3d3hf found: installing from source
==> Fetching https://mirror.spack.io/_source-cache/archive/0b/0b0e3aa07c8c063ddf40b082bdf7e37a1562bda40a0ff5272957f3e987e0e54b.tar.gz
==> Ran patch() for lz4
==> lz4: Executing phase: 'edit'
==> lz4: Executing phase: 'build'
==> lz4: Executing phase: 'install'
==> lz4: Successfully installed lz4-1.9.4-axmktsmdoaiyh2bzhus2oxpd3ck3d3hf
  Stage: 2.05s.  Edit: 0.00s.  Build: 1.38s.  Install: 0.12s.  Post-install: 0.09s.  Total: 3.74s
[+] /home/zhaijidong/yhy/.local/spack/opt/spack/linux-ubuntu20.04-x86_64/gcc-9.4.0/lz4-1.9.4-axmktsmdoaiyh2bzhus2oxpd3ck3d3hf
==> Installing findutils-4.9.0-n7e6qgs6ueuaoq7a4f2fbcewn3566wsk [19/78]
==> No binary for findutils-4.9.0-n7e6qgs6ueuaoq7a4f2fbcewn3566wsk found: installing from source
==> Fetching https://mirror.spack.io/_source-cache/archive/a2/a2bfb8c09d436770edc59f50fa483e785b161a3b7b9d547573cb08065fd462fe.tar.xz
==> Applied patch /home/zhaijidong/yhy/.local/spack/var/spack/repos/builtin/packages/findutils/nonnull.patch
==> findutils: Executing phase: 'autoreconf'
==> findutils: Executing phase: 'configure'
==> findutils: Executing phase: 'build'
==> findutils: Executing phase: 'install'
==> findutils: Successfully installed findutils-4.9.0-n7e6qgs6ueuaoq7a4f2fbcewn3566wsk
  Stage: 2.62s.  Autoreconf: 0.00s.  Configure: 34.23s.  Build: 6.49s.  Install: 2.16s.  Post-install: 0.33s.  Total: 46.02s
[+] /home/zhaijidong/yhy/.local/spack/opt/spack/linux-ubuntu20.04-x86_64/gcc-9.4.0/findutils-4.9.0-n7e6qgs6ueuaoq7a4f2fbcewn3566wsk
==> Installing berkeley-db-18.1.40-hpcirxyrar5vqhbi3esdpq4gn6tkvabt [20/78]
==> No binary for berkeley-db-18.1.40-hpcirxyrar5vqhbi3esdpq4gn6tkvabt found: installing from source
==> Fetching https://mirror.spack.io/_source-cache/archive/0c/0cecb2ef0c67b166de93732769abdeba0555086d51de1090df325e18ee8da9c8.tar.gz
==> Applied patch /home/zhaijidong/yhy/.local/spack/var/spack/repos/builtin/packages/berkeley-db/drop-docs.patch
==> Applied patch /home/zhaijidong/yhy/.local/spack/var/spack/repos/builtin/packages/berkeley-db/tls.patch
==> Ran patch() for berkeley-db
==> berkeley-db: Executing phase: 'autoreconf'
==> berkeley-db: Executing phase: 'configure'
==> berkeley-db: Executing phase: 'build'
==> berkeley-db: Executing phase: 'install'
==> berkeley-db: Successfully installed berkeley-db-18.1.40-hpcirxyrar5vqhbi3esdpq4gn6tkvabt
  Stage: 4.96s.  Autoreconf: 0.00s.  Configure: 11.25s.  Build: 11.00s.  Install: 0.75s.  Post-install: 0.14s.  Total: 28.22s
[+] /home/zhaijidong/yhy/.local/spack/opt/spack/linux-ubuntu20.04-x86_64/gcc-9.4.0/berkeley-db-18.1.40-hpcirxyrar5vqhbi3esdpq4gn6tkvabt
==> Installing check-0.15.2-mdsioucfajkqrnbaoounj6fro4uw6mhm [21/78]
==> No binary for check-0.15.2-mdsioucfajkqrnbaoounj6fro4uw6mhm found: installing from source
==> Fetching https://mirror.spack.io/_source-cache/archive/a8/a8de4e0bacfb4d76dd1c618ded263523b53b85d92a146d8835eb1a52932fa20a.tar.gz
==> No patches needed for check
==> check: Executing phase: 'autoreconf'
==> check: Executing phase: 'configure'
==> check: Executing phase: 'build'
==> check: Executing phase: 'install'
==> check: Successfully installed check-0.15.2-mdsioucfajkqrnbaoounj6fro4uw6mhm
  Stage: 2.90s.  Autoreconf: 0.00s.  Configure: 6.36s.  Build: 2.68s.  Install: 0.47s.  Post-install: 0.15s.  Total: 12.69s
[+] /home/zhaijidong/yhy/.local/spack/opt/spack/linux-ubuntu20.04-x86_64/gcc-9.4.0/check-0.15.2-mdsioucfajkqrnbaoounj6fro4uw6mhm
==> Installing libmd-1.0.4-njvfxl7nxwil7f3jiaskmbdfjkqrgtvk [22/78]
==> No binary for libmd-1.0.4-njvfxl7nxwil7f3jiaskmbdfjkqrgtvk found: installing from source
==> Fetching https://mirror.spack.io/_source-cache/archive/f5/f51c921042e34beddeded4b75557656559cf5b1f2448033b4c1eec11c07e530f.tar.xz
==> No patches needed for libmd
==> libmd: Executing phase: 'autoreconf'
==> libmd: Executing phase: 'configure'
==> libmd: Executing phase: 'build'
==> libmd: Executing phase: 'install'
==> libmd: Successfully installed libmd-1.0.4-njvfxl7nxwil7f3jiaskmbdfjkqrgtvk
  Stage: 1.85s.  Autoreconf: 0.00s.  Configure: 3.30s.  Build: 1.00s.  Install: 0.70s.  Post-install: 0.11s.  Total: 7.11s
[+] /home/zhaijidong/yhy/.local/spack/opt/spack/linux-ubuntu20.04-x86_64/gcc-9.4.0/libmd-1.0.4-njvfxl7nxwil7f3jiaskmbdfjkqrgtvk
==> Installing bzip2-1.0.8-6dsxgye7pv4cv4brlsd7q2xtx6pnk3ph [23/78]
==> No binary for bzip2-1.0.8-6dsxgye7pv4cv4brlsd7q2xtx6pnk3ph found: installing from source
==> Fetching https://mirror.spack.io/_source-cache/archive/ab/ab5a03176ee106d3f0fa90e381da478ddae405918153cca248e682cd0c4a2269.tar.gz
==> Ran patch() for bzip2
==> bzip2: Executing phase: 'install'
==> bzip2: Successfully installed bzip2-1.0.8-6dsxgye7pv4cv4brlsd7q2xtx6pnk3ph
  Stage: 2.01s.  Install: 1.97s.  Post-install: 0.11s.  Total: 4.18s
[+] /home/zhaijidong/yhy/.local/spack/opt/spack/linux-ubuntu20.04-x86_64/gcc-9.4.0/bzip2-1.0.8-6dsxgye7pv4cv4brlsd7q2xtx6pnk3ph
==> Installing m4-1.4.19-e5xkghjjmdooqvctq2rds3y44jkxvz2x [24/78]
==> No binary for m4-1.4.19-e5xkghjjmdooqvctq2rds3y44jkxvz2x found: installing from source
==> Fetching https://mirror.spack.io/_source-cache/archive/3b/3be4a26d825ffdfda52a56fc43246456989a3630093cced3fbddf4771ee58a70.tar.gz
==> Applied patch /home/zhaijidong/yhy/.local/spack/var/spack/repos/builtin/packages/m4/checks-198.sysval.1.patch
==> Applied patch /home/zhaijidong/yhy/.local/spack/var/spack/repos/builtin/packages/m4/checks-198.sysval.2.patch
==> Ran patch() for m4
==> m4: Executing phase: 'autoreconf'
==> m4: Executing phase: 'configure'
==> m4: Executing phase: 'build'
==> m4: Executing phase: 'install'
==> m4: Successfully installed m4-1.4.19-e5xkghjjmdooqvctq2rds3y44jkxvz2x
  Stage: 2.66s.  Autoreconf: 0.00s.  Configure: 27.26s.  Build: 5.25s.  Install: 1.40s.  Post-install: 0.27s.  Total: 37.15s
[+] /home/zhaijidong/yhy/.local/spack/opt/spack/linux-ubuntu20.04-x86_64/gcc-9.4.0/m4-1.4.19-e5xkghjjmdooqvctq2rds3y44jkxvz2x
==> Installing nghttp2-1.62.0-c6ngxglvbsi5c7kb26zylzlfl3jku3ah [25/78]
==> No binary for nghttp2-1.62.0-c6ngxglvbsi5c7kb26zylzlfl3jku3ah found: installing from source
==> Fetching https://github.com/nghttp2/nghttp2/releases/download/v1.62.0/nghttp2-1.62.0.tar.gz
==> No patches needed for nghttp2
==> nghttp2: Executing phase: 'autoreconf'
==> nghttp2: Executing phase: 'configure'
==> nghttp2: Executing phase: 'build'
==> nghttp2: Executing phase: 'install'
==> nghttp2: Successfully installed nghttp2-1.62.0-c6ngxglvbsi5c7kb26zylzlfl3jku3ah
  Stage: 24.07s.  Autoreconf: 0.00s.  Configure: 8.40s.  Build: 2.95s.  Install: 0.72s.  Post-install: 0.12s.  Total: 36.43s
[+] /home/zhaijidong/yhy/.local/spack/opt/spack/linux-ubuntu20.04-x86_64/gcc-9.4.0/nghttp2-1.62.0-c6ngxglvbsi5c7kb26zylzlfl3jku3ah
==> Installing util-linux-uuid-2.40.1-c2oav33u3becmaq6hcdyp4e7c4jzgygy [26/78]
==> No binary for util-linux-uuid-2.40.1-c2oav33u3becmaq6hcdyp4e7c4jzgygy found: installing from source
==> Fetching https://www.kernel.org/pub/linux/utils/util-linux/v2.40/util-linux-2.40.1.tar.gz
==> No patches needed for util-linux-uuid
==> util-linux-uuid: Executing phase: 'autoreconf'
==> util-linux-uuid: Executing phase: 'configure'
==> util-linux-uuid: Executing phase: 'build'
==> util-linux-uuid: Executing phase: 'install'
==> util-linux-uuid: Successfully installed util-linux-uuid-2.40.1-c2oav33u3becmaq6hcdyp4e7c4jzgygy
  Stage: 52.84s.  Autoreconf: 0.00s.  Configure: 15.21s.  Build: 1.06s.  Install: 0.84s.  Post-install: 0.31s.  Total: 1m 10.42s
[+] /home/zhaijidong/yhy/.local/spack/opt/spack/linux-ubuntu20.04-x86_64/gcc-9.4.0/util-linux-uuid-2.40.1-c2oav33u3becmaq6hcdyp4e7c4jzgygy
==> Installing libxml2-2.10.3-7yhgktuskim6wnpy2hp4xe2h3ga543f4 [27/78]
==> No binary for libxml2-2.10.3-7yhgktuskim6wnpy2hp4xe2h3ga543f4 found: installing from source
==> Fetching https://mirror.spack.io/_source-cache/archive/5d/5d2cc3d78bec3dbe212a9d7fa629ada25a7da928af432c93060ff5c17ee28a9c.tar.xz
==> Fetching https://mirror.spack.io/_source-cache/archive/96/96151685cec997e1f9f3387e3626d61e6284d4d6e66e0e440c209286c03e9cc7.tar.gz
==> Moving resource stage
	source: /tmp/zhaijidong/spack-stage/resource-xmlts-7yhgktuskim6wnpy2hp4xe2h3ga543f4/spack-src/
	destination: /tmp/zhaijidong/spack-stage/spack-stage-libxml2-2.10.3-7yhgktuskim6wnpy2hp4xe2h3ga543f4/spack-src/xmlconf
==> Ran patch() for libxml2
==> libxml2: Executing phase: 'autoreconf'
==> libxml2: Executing phase: 'configure'
==> libxml2: Executing phase: 'build'
==> libxml2: Executing phase: 'install'
==> libxml2: Successfully installed libxml2-2.10.3-7yhgktuskim6wnpy2hp4xe2h3ga543f4
  Stage: 5.49s.  Autoreconf: 0.00s.  Configure: 4.93s.  Build: 7.20s.  Install: 1.00s.  Post-install: 0.39s.  Total: 19.25s
[+] /home/zhaijidong/yhy/.local/spack/opt/spack/linux-ubuntu20.04-x86_64/gcc-9.4.0/libxml2-2.10.3-7yhgktuskim6wnpy2hp4xe2h3ga543f4
==> Installing ncurses-6.5-wevyodgsijqyjkyhxu7c4hbu6aly65bs [28/78]
==> No binary for ncurses-6.5-wevyodgsijqyjkyhxu7c4hbu6aly65bs found: installing from source
==> Fetching https://ftpmirror.gnu.org/ncurses/ncurses-6.5.tar.gz
==> Applied patch /home/zhaijidong/yhy/.local/spack/var/spack/repos/builtin/packages/ncurses/rxvt_unicode_6_4.patch
==> ncurses: Executing phase: 'autoreconf'
==> ncurses: Executing phase: 'configure'
==> ncurses: Executing phase: 'build'
==> ncurses: Executing phase: 'install'
==> ncurses: Successfully installed ncurses-6.5-wevyodgsijqyjkyhxu7c4hbu6aly65bs
  Stage: 6.04s.  Autoreconf: 0.00s.  Configure: 23.44s.  Build: 23.47s.  Install: 13.94s.  Post-install: 4.28s.  Total: 1m 11.39s
[+] /home/zhaijidong/yhy/.local/spack/opt/spack/linux-ubuntu20.04-x86_64/gcc-9.4.0/ncurses-6.5-wevyodgsijqyjkyhxu7c4hbu6aly65bs
==> Installing libbsd-0.12.2-ijdv7hqg2evstulm33cbu6e6ha4b35wk [29/78]
==> No binary for libbsd-0.12.2-ijdv7hqg2evstulm33cbu6e6ha4b35wk found: installing from source
==> Fetching https://libbsd.freedesktop.org/releases/libbsd-0.12.2.tar.xz
==> No patches needed for libbsd
==> libbsd: Executing phase: 'autoreconf'
==> libbsd: Executing phase: 'configure'
==> libbsd: Executing phase: 'build'
==> libbsd: Executing phase: 'install'
==> libbsd: Successfully installed libbsd-0.12.2-ijdv7hqg2evstulm33cbu6e6ha4b35wk
  Stage: 4.65s.  Autoreconf: 0.00s.  Configure: 5.80s.  Build: 2.41s.  Install: 1.15s.  Post-install: 0.49s.  Total: 14.69s
[+] /home/zhaijidong/yhy/.local/spack/opt/spack/linux-ubuntu20.04-x86_64/gcc-9.4.0/libbsd-0.12.2-ijdv7hqg2evstulm33cbu6e6ha4b35wk
==> Installing tar-1.34-dnpgmbxqezdssw3r3wnbrrqohe6usol5 [30/78]
==> No binary for tar-1.34-dnpgmbxqezdssw3r3wnbrrqohe6usol5 found: installing from source
==> Fetching https://mirror.spack.io/_source-cache/archive/03/03d908cf5768cfe6b7ad588c921c6ed21acabfb2b79b788d1330453507647aed.tar.gz
==> No patches needed for tar
==> tar: Executing phase: 'autoreconf'
==> tar: Executing phase: 'configure'
==> tar: Executing phase: 'build'
==> tar: Executing phase: 'install'
==> tar: Successfully installed tar-1.34-dnpgmbxqezdssw3r3wnbrrqohe6usol5
  Stage: 1.89s.  Autoreconf: 0.00s.  Configure: 26.78s.  Build: 5.91s.  Install: 1.14s.  Post-install: 0.38s.  Total: 36.46s
[+] /home/zhaijidong/yhy/.local/spack/opt/spack/linux-ubuntu20.04-x86_64/gcc-9.4.0/tar-1.34-dnpgmbxqezdssw3r3wnbrrqohe6usol5
==> Installing libtool-2.4.7-x2yt7s3ppni3kdq4rjf6j2yd3nmh55ir [31/78]
==> No binary for libtool-2.4.7-x2yt7s3ppni3kdq4rjf6j2yd3nmh55ir found: installing from source
==> Fetching https://mirror.spack.io/_source-cache/archive/04/04e96c2404ea70c590c546eba4202a4e12722c640016c12b9b2f1ce3d481e9a8.tar.gz
==> Ran patch() for libtool
==> libtool: Executing phase: 'autoreconf'
==> libtool: Executing phase: 'configure'
==> libtool: Executing phase: 'build'
==> libtool: Executing phase: 'install'
==> libtool: Successfully installed libtool-2.4.7-x2yt7s3ppni3kdq4rjf6j2yd3nmh55ir
  Stage: 2.27s.  Autoreconf: 0.00s.  Configure: 6.05s.  Build: 1.73s.  Install: 1.20s.  Post-install: 0.22s.  Total: 11.72s
[+] /home/zhaijidong/yhy/.local/spack/opt/spack/linux-ubuntu20.04-x86_64/gcc-9.4.0/libtool-2.4.7-x2yt7s3ppni3kdq4rjf6j2yd3nmh55ir
==> Installing bison-3.8.2-ungh4qpb3hqpatis3lvsvywdywlakqbk [32/78]
==> No binary for bison-3.8.2-ungh4qpb3hqpatis3lvsvywdywlakqbk found: installing from source
==> Fetching https://mirror.spack.io/_source-cache/archive/06/06c9e13bdf7eb24d4ceb6b59205a4f67c2c7e7213119644430fe82fbd14a0abb.tar.gz
==> No patches needed for bison
==> bison: Executing phase: 'autoreconf'
==> bison: Executing phase: 'configure'
==> bison: Executing phase: 'build'
==> bison: Executing phase: 'install'
==> bison: Successfully installed bison-3.8.2-ungh4qpb3hqpatis3lvsvywdywlakqbk
  Stage: 2.91s.  Autoreconf: 0.00s.  Configure: 23.31s.  Build: 4.27s.  Install: 2.24s.  Post-install: 0.67s.  Total: 33.67s
[+] /home/zhaijidong/yhy/.local/spack/opt/spack/linux-ubuntu20.04-x86_64/gcc-9.4.0/bison-3.8.2-ungh4qpb3hqpatis3lvsvywdywlakqbk
==> Installing cuda-11.8.0-r53roqnu3l2snovd4r5zjdeslhifzoi7 [33/78]
==> No binary for cuda-11.8.0-r53roqnu3l2snovd4r5zjdeslhifzoi7 found: installing from source
==> Fetching https://mirror.spack.io/_source-cache/archive/92/9223c4af3aebe4a7bbed9abd9b163b03a1b34b855fbc2b4a0d1b706ac09a5a16
==> No patches needed for cuda
==> cuda: Executing phase: 'install'
==> cuda: Successfully installed cuda-11.8.0-r53roqnu3l2snovd4r5zjdeslhifzoi7
  Stage: 5m 49.54s.  Install: 3m 46.42s.  Post-install: 32.51s.  Total: 10m 9.15s
[+] /home/zhaijidong/yhy/.local/spack/opt/spack/linux-ubuntu20.04-x86_64/gcc-9.4.0/cuda-11.8.0-r53roqnu3l2snovd4r5zjdeslhifzoi7
==> Installing libedit-3.1-20230828-cindhn6i2it7wajv54qbvxzaimgtxofn [34/78]
==> No binary for libedit-3.1-20230828-cindhn6i2it7wajv54qbvxzaimgtxofn found: installing from source
==> Fetching http://thrysoee.dk/editline/libedit-20230828-3.1.tar.gz
==> No patches needed for libedit
==> libedit: Executing phase: 'autoreconf'
==> libedit: Executing phase: 'configure'
==> libedit: Executing phase: 'build'
==> libedit: Executing phase: 'install'
==> libedit: Successfully installed libedit-3.1-20230828-cindhn6i2it7wajv54qbvxzaimgtxofn
  Stage: 5.28s.  Autoreconf: 0.00s.  Configure: 5.29s.  Build: 3.04s.  Install: 0.61s.  Post-install: 0.13s.  Total: 14.73s
[+] /home/zhaijidong/yhy/.local/spack/opt/spack/linux-ubuntu20.04-x86_64/gcc-9.4.0/libedit-3.1-20230828-cindhn6i2it7wajv54qbvxzaimgtxofn
==> Installing readline-8.2-yhwvthxh2ursdryzpmjrm7skiyq7btme [35/78]
==> No binary for readline-8.2-yhwvthxh2ursdryzpmjrm7skiyq7btme found: installing from source
==> Fetching https://mirror.spack.io/_source-cache/archive/3f/3feb7171f16a84ee82ca18a36d7b9be109a52c04f492a053331d7d1095007c35.tar.gz
==> Fetching https://mirror.spack.io/_source-cache/archive/bb/bbf97f1ec40a929edab5aa81998c1e2ef435436c597754916e6a5868f273aff7
==> Applied patch https://ftpmirror.gnu.org/readline/readline-8.2-patches/readline82-001
==> readline: Executing phase: 'autoreconf'
==> readline: Executing phase: 'configure'
==> readline: Executing phase: 'build'
==> readline: Executing phase: 'install'
==> readline: Successfully installed readline-8.2-yhwvthxh2ursdryzpmjrm7skiyq7btme
  Stage: 3.56s.  Autoreconf: 0.00s.  Configure: 5.10s.  Build: 1.80s.  Install: 0.17s.  Post-install: 0.16s.  Total: 10.97s
[+] /home/zhaijidong/yhy/.local/spack/opt/spack/linux-ubuntu20.04-x86_64/gcc-9.4.0/readline-8.2-yhwvthxh2ursdryzpmjrm7skiyq7btme
==> Installing expat-2.6.2-t4xzoimepl4vphov6r6465fxkf552mcs [36/78]
==> No binary for expat-2.6.2-t4xzoimepl4vphov6r6465fxkf552mcs found: installing from source
==> Fetching https://github.com/libexpat/libexpat/releases/download/R_2_6_2/expat-2.6.2.tar.bz2
==> No patches needed for expat
==> expat: Executing phase: 'autoreconf'
==> expat: Executing phase: 'configure'
==> expat: Executing phase: 'build'
==> expat: Executing phase: 'install'
==> expat: Successfully installed expat-2.6.2-t4xzoimepl4vphov6r6465fxkf552mcs
  Stage: 13.67s.  Autoreconf: 0.00s.  Configure: 4.72s.  Build: 4.85s.  Install: 0.53s.  Post-install: 0.11s.  Total: 24.12s
[+] /home/zhaijidong/yhy/.local/spack/opt/spack/linux-ubuntu20.04-x86_64/gcc-9.4.0/expat-2.6.2-t4xzoimepl4vphov6r6465fxkf552mcs
==> Installing gettext-0.22.5-hk6cceptj5wdb25prni5dofbjwheolwk [37/78]
==> No binary for gettext-0.22.5-hk6cceptj5wdb25prni5dofbjwheolwk found: installing from source
==> Fetching https://ftpmirror.gnu.org/gettext/gettext-0.22.5.tar.xz
==> Ran patch() for gettext
==> gettext: Executing phase: 'autoreconf'
==> gettext: Executing phase: 'configure'
==> gettext: Executing phase: 'build'
==> gettext: Executing phase: 'install'
==> gettext: Successfully installed gettext-0.22.5-hk6cceptj5wdb25prni5dofbjwheolwk
  Stage: 5.35s.  Autoreconf: 0.00s.  Configure: 1m 37.11s.  Build: 1m 41.17s.  Install: 20.10s.  Post-install: 3.66s.  Total: 3m 48.10s
[+] /home/zhaijidong/yhy/.local/spack/opt/spack/linux-ubuntu20.04-x86_64/gcc-9.4.0/gettext-0.22.5-hk6cceptj5wdb25prni5dofbjwheolwk
==> Installing libpciaccess-0.17-gpehypdymtn2eyxmmj3djgrohkerfqle [38/78]
==> No binary for libpciaccess-0.17-gpehypdymtn2eyxmmj3djgrohkerfqle found: installing from source
==> Fetching https://mirror.spack.io/_source-cache/archive/bf/bf6985a77d2ecb00e2c79da3edfb26b909178ffca3f2e9d14ed0620259ab733b.tar.gz
==> No patches needed for libpciaccess
==> libpciaccess: Executing phase: 'autoreconf'
==> libpciaccess: Executing phase: 'configure'
==> libpciaccess: Executing phase: 'build'
==> libpciaccess: Executing phase: 'install'
==> libpciaccess: Successfully installed libpciaccess-0.17-gpehypdymtn2eyxmmj3djgrohkerfqle
  Stage: 2.57s.  Autoreconf: 0.00s.  Configure: 4.04s.  Build: 1.29s.  Install: 0.36s.  Post-install: 0.12s.  Total: 8.83s
[+] /home/zhaijidong/yhy/.local/spack/opt/spack/linux-ubuntu20.04-x86_64/gcc-9.4.0/libpciaccess-0.17-gpehypdymtn2eyxmmj3djgrohkerfqle
==> Installing flex-2.6.3-rj7ntlkmdp2f4akukhf47tna7c2w64fg [39/78]
==> No binary for flex-2.6.3-rj7ntlkmdp2f4akukhf47tna7c2w64fg found: installing from source
==> Fetching https://mirror.spack.io/_source-cache/archive/68/68b2742233e747c462f781462a2a1e299dc6207401dac8f0bbb316f48565c2aa.tar.gz
==> No patches needed for flex
==> flex: Executing phase: 'autoreconf'
==> flex: Executing phase: 'configure'
==> flex: Executing phase: 'build'
==> flex: Executing phase: 'install'
==> flex: Successfully installed flex-2.6.3-rj7ntlkmdp2f4akukhf47tna7c2w64fg
  Stage: 2.58s.  Autoreconf: 0.00s.  Configure: 5.72s.  Build: 3.01s.  Install: 0.61s.  Post-install: 0.15s.  Total: 12.37s
[+] /home/zhaijidong/yhy/.local/spack/opt/spack/linux-ubuntu20.04-x86_64/gcc-9.4.0/flex-2.6.3-rj7ntlkmdp2f4akukhf47tna7c2w64fg
==> Installing gdrcopy-2.4.1-g35sgl52vmvbutu77cdvxxzg5vj7wzwx [40/78]
==> No binary for gdrcopy-2.4.1-g35sgl52vmvbutu77cdvxxzg5vj7wzwx found: installing from source
==> Fetching https://github.com/NVIDIA/gdrcopy/archive/v2.4.1.tar.gz
==> No patches needed for gdrcopy
==> gdrcopy: Executing phase: 'edit'
==> gdrcopy: Executing phase: 'build'
==> Error: ProcessError: Command exited with status 2:
    'make' '-j8' 'exes'

3 errors found in build log:
     35    /home/zhaijidong/yhy/.local/spack/lib/spack/env/gcc/g++ -O2 -I /usr/local/cuda/include -I ../include -I 
           ../src -I /usr/local/cuda/include  -c -o common.o common.cpp
     36    /home/zhaijidong/yhy/.local/spack/lib/spack/env/gcc/g++ -O2 -I /usr/local/cuda/include -I ../include -I 
           ../src -I /usr/local/cuda/include  -c -o sanity.o sanity.cpp
     37    /home/zhaijidong/yhy/.local/spack/lib/spack/env/gcc/g++ -O2 -I /usr/local/cuda/include -I ../include -I 
           ../src -I /usr/local/cuda/include  -c -o testsuites/testsuite.o testsuites/testsuite.cpp
     38    /home/zhaijidong/yhy/.local/spack/lib/spack/env/gcc/g++ -O2 -I /usr/local/cuda/include -I ../include -I 
           ../src -I /usr/local/cuda/include  -c -o copylat.o copylat.cpp
     39    /home/zhaijidong/yhy/.local/spack/lib/spack/env/gcc/g++ -O2 -I /usr/local/cuda/include -I ../include -I 
           ../src -I /usr/local/cuda/include  -c -o apiperf.o apiperf.cpp
     40    /usr/local/cuda/bin/nvcc -o pplat.o -c pplat.cu -lcuda -lpthread -ldl -lgdrapi -I /usr/local/cuda/includ
           e -I ../include -I ../src -I /usr/local/cuda/include
  >> 41    make[1]: /usr/local/cuda/bin/nvcc: No such file or directory
  >> 42    make[1]: *** [Makefile:50: pplat.o] Error 127
     43    make[1]: *** Waiting for unfinished jobs....
     44    make[1]: Leaving directory '/tmp/zhaijidong/spack-stage/spack-stage-gdrcopy-2.4.1-g35sgl52vmvbutu77cdvxx
           zg5vj7wzwx/spack-src/tests'
  >> 45    make: *** [Makefile:62: exes] Error 2

See build log for details:
  /tmp/zhaijidong/spack-stage/spack-stage-gdrcopy-2.4.1-g35sgl52vmvbutu77cdvxxzg5vj7wzwx/spack-build-out.txt

==> Warning: Skipping build of ucx-1.16.0-7x357sagnbxef6loyyrdfw56bo2d7swn since gdrcopy-2.4.1-g35sgl52vmvbutu77cdvxxzg5vj7wzwx failed
==> Warning: Skipping build of openmpi-4.1.5-cwg6fheor5zu3aliiakfumfu4kxwjd4y since ucx-1.16.0-7x357sagnbxef6loyyrdfw56bo2d7swn failed
==> Installing gdbm-1.23-xlsadkm3hekbjl6rzgtnqfc4qsxq7df4 [41/78]
==> No binary for gdbm-1.23-xlsadkm3hekbjl6rzgtnqfc4qsxq7df4 found: installing from source
==> Fetching https://ftpmirror.gnu.org/gdbm/gdbm-1.23.tar.gz
==> No patches needed for gdbm
==> gdbm: Executing phase: 'autoreconf'
==> gdbm: Executing phase: 'configure'
==> gdbm: Executing phase: 'build'
==> gdbm: Executing phase: 'install'
==> gdbm: Successfully installed gdbm-1.23-xlsadkm3hekbjl6rzgtnqfc4qsxq7df4
  Stage: 13.35s.  Autoreconf: 0.00s.  Configure: 4.43s.  Build: 3.05s.  Install: 1.05s.  Post-install: 0.23s.  Total: 22.37s
[+] /home/zhaijidong/yhy/.local/spack/opt/spack/linux-ubuntu20.04-x86_64/gcc-9.4.0/gdbm-1.23-xlsadkm3hekbjl6rzgtnqfc4qsxq7df4
==> Installing sqlite-3.43.2-mb5fuh4n44c2vhxkxkudjzba2evxf7nn [42/78]
==> No binary for sqlite-3.43.2-mb5fuh4n44c2vhxkxkudjzba2evxf7nn found: installing from source
==> Fetching https://mirror.spack.io/_source-cache/archive/6d/6d422b6f62c4de2ca80d61860e3a3fb693554d2f75bb1aaca743ccc4d6f609f0.tar.gz
==> Error: InvalidURL: URL can't contain control characters. '/2023/sqlite-autoconf-(3, 43, 2)0300.tar.gz' (found at least ' ')
==> Warning: Skipping build of python-3.11.9-dmum33dojv6dt3jzcc6ftewzqmbsazhw since sqlite-3.43.2-mb5fuh4n44c2vhxkxkudjzba2evxf7nn failed
==> Warning: Skipping build of meson-1.3.2-oqsmz3te2sww5to2cmktibdj7bdcrfq3 since python-3.11.9-dmum33dojv6dt3jzcc6ftewzqmbsazhw failed
==> Warning: Skipping build of glib-2.78.3-zuyownrk4rhrzypjohdftkuaasce2u6l since meson-1.3.2-oqsmz3te2sww5to2cmktibdj7bdcrfq3 failed
==> Warning: Skipping build of slurm-23-11-1-1-3sqsfau34o6xw3jwegmv5jldjll7hmpa since glib-2.78.3-zuyownrk4rhrzypjohdftkuaasce2u6l failed
==> Warning: Skipping build of py-docutils-0.20.1-tlny2wyogxe6u5ifh2lv3phchxeblhcv since python-3.11.9-dmum33dojv6dt3jzcc6ftewzqmbsazhw failed
==> Warning: Skipping build of rdma-core-51.0-kxs3chnlfi7mhqcctc3qpb7m3ysn6spj since py-docutils-0.20.1-tlny2wyogxe6u5ifh2lv3phchxeblhcv failed
==> Warning: Skipping build of py-setuptools-69.2.0-c5yqiwckp2t6mqkltuy7xmi2abh2hqae since python-3.11.9-dmum33dojv6dt3jzcc6ftewzqmbsazhw failed
==> Warning: Skipping build of py-pip-23.1.2-ezwipu4a4ruhutoj5gi6f5nov3fvqjx5 since python-3.11.9-dmum33dojv6dt3jzcc6ftewzqmbsazhw failed
==> Warning: Skipping build of py-wheel-0.41.2-ipapjq4ednc45arbzz3niaf7xl7soe67 since py-pip-23.1.2-ezwipu4a4ruhutoj5gi6f5nov3fvqjx5 failed
==> Warning: Skipping build of python-venv-1.0-gog5gyy2c3v7w2lkqwaoldyu5u25xm3o since python-3.11.9-dmum33dojv6dt3jzcc6ftewzqmbsazhw failed
==> Warning: Skipping build of ninja-1.12.0-7aqtgejpglvz3bdlly7w7n62y7nlbib3 since python-3.11.9-dmum33dojv6dt3jzcc6ftewzqmbsazhw failed
==> Installing elfutils-0.191-ifp44iii5zcjvif2jkaffiostympb5sr [43/78]
==> No binary for elfutils-0.191-ifp44iii5zcjvif2jkaffiostympb5sr found: installing from source
==> Fetching https://sourceware.org/pub/elfutils/0.191/elfutils-0.191.tar.bz2
==> Ran patch() for elfutils
==> elfutils: Executing phase: 'autoreconf'
==> elfutils: Executing phase: 'configure'
==> elfutils: Executing phase: 'build'
==> elfutils: Executing phase: 'install'
==> elfutils: Successfully installed elfutils-0.191-ifp44iii5zcjvif2jkaffiostympb5sr
  Stage: 2m 35.57s.  Autoreconf: 0.00s.  Configure: 7.58s.  Build: 24.65s.  Install: 2.05s.  Post-install: 0.38s.  Total: 3m 10.66s
[+] /home/zhaijidong/yhy/.local/spack/opt/spack/linux-ubuntu20.04-x86_64/gcc-9.4.0/elfutils-0.191-ifp44iii5zcjvif2jkaffiostympb5sr
==> Installing hwloc-2.9.1-oz323j26erqc26fcuf5pl7ggmvhdkbhr [44/78]
==> No binary for hwloc-2.9.1-oz323j26erqc26fcuf5pl7ggmvhdkbhr found: installing from source
==> Fetching https://mirror.spack.io/_source-cache/archive/a4/a440e2299f7451dc10a57ddbfa3f116c2a6c4be1bb97c663edd3b9c7b3b3b4cf.tar.gz
==> No patches needed for hwloc
==> hwloc: Executing phase: 'autoreconf'
==> hwloc: Executing phase: 'configure'
==> hwloc: Executing phase: 'build'
==> hwloc: Executing phase: 'install'
==> hwloc: Successfully installed hwloc-2.9.1-oz323j26erqc26fcuf5pl7ggmvhdkbhr
  Stage: 2.50s.  Autoreconf: 0.00s.  Configure: 12.75s.  Build: 7.44s.  Install: 1.96s.  Post-install: 1.01s.  Total: 26.09s
[+] /home/zhaijidong/yhy/.local/spack/opt/spack/linux-ubuntu20.04-x86_64/gcc-9.4.0/hwloc-2.9.1-oz323j26erqc26fcuf5pl7ggmvhdkbhr
==> Installing libnl-3.3.0-p77v3qndoj4gfezf4tfsf36pxazqpxva [45/78]
==> No binary for libnl-3.3.0-p77v3qndoj4gfezf4tfsf36pxazqpxva found: installing from source
==> Fetching https://mirror.spack.io/_source-cache/archive/70/705468b5ae4cd1eb099d2d1c476d6a3abe519bc2810becf12fb1e32de1e074e4.tar.gz
==> No patches needed for libnl
==> libnl: Executing phase: 'autoreconf'
==> libnl: Executing phase: 'configure'
==> libnl: Executing phase: 'build'
==> libnl: Executing phase: 'install'
==> libnl: Successfully installed libnl-3.3.0-p77v3qndoj4gfezf4tfsf36pxazqpxva
  Stage: 2.12s.  Autoreconf: 0.00s.  Configure: 3.06s.  Build: 11.99s.  Install: 3.38s.  Post-install: 0.56s.  Total: 21.41s
[+] /home/zhaijidong/yhy/.local/spack/opt/spack/linux-ubuntu20.04-x86_64/gcc-9.4.0/libnl-3.3.0-p77v3qndoj4gfezf4tfsf36pxazqpxva
==> Installing perl-5.38.2-mrxslmpcrfkdkj5o3rsdmnxbfvnw2pkm [46/78]
==> No binary for perl-5.38.2-mrxslmpcrfkdkj5o3rsdmnxbfvnw2pkm found: installing from source
==> Fetching http://www.cpan.org/src/5.0/perl-5.38.2.tar.gz
==> Fetching https://mirror.spack.io/_source-cache/archive/9d/9da50e155df72bce55cb69f51f1dbb4b62d23740fb99f6178bb27f22ebdf8a46.tar.gz
==> Moving resource stage
	source: /tmp/zhaijidong/spack-stage/resource-cpanm-mrxslmpcrfkdkj5o3rsdmnxbfvnw2pkm/spack-src/
	destination: /tmp/zhaijidong/spack-stage/spack-stage-perl-5.38.2-mrxslmpcrfkdkj5o3rsdmnxbfvnw2pkm/spack-src/cpanm/cpanm
==> Applied patch /home/zhaijidong/yhy/.local/spack/var/spack/repos/builtin/packages/perl/zlib-ng.patch
==> Ran patch() for perl
==> perl: Executing phase: 'configure'
==> perl: Executing phase: 'build'
==> perl: Executing phase: 'install'
==> perl: Successfully installed perl-5.38.2-mrxslmpcrfkdkj5o3rsdmnxbfvnw2pkm
  Stage: 5.81s.  Configure: 48.05s.  Build: 30.23s.  Install: 22.67s.  Post-install: 4.43s.  Total: 1m 51.60s
[+] /home/zhaijidong/yhy/.local/spack/opt/spack/linux-ubuntu20.04-x86_64/gcc-9.4.0/perl-5.38.2-mrxslmpcrfkdkj5o3rsdmnxbfvnw2pkm
==> Installing autoconf-2.72-tt7xrvlsux2wamo6m7uuzplzhrcz4ecc [47/78]
==> No binary for autoconf-2.72-tt7xrvlsux2wamo6m7uuzplzhrcz4ecc found: installing from source
==> Fetching https://ftpmirror.gnu.org/autoconf/autoconf-2.72.tar.gz
==> Ran patch() for autoconf
==> autoconf: Executing phase: 'autoreconf'
==> autoconf: Executing phase: 'configure'
==> autoconf: Executing phase: 'build'
==> autoconf: Executing phase: 'install'
==> autoconf: Successfully installed autoconf-2.72-tt7xrvlsux2wamo6m7uuzplzhrcz4ecc
  Stage: 4.58s.  Autoreconf: 0.00s.  Configure: 1.24s.  Build: 0.61s.  Install: 0.57s.  Post-install: 0.29s.  Total: 7.65s
[+] /home/zhaijidong/yhy/.local/spack/opt/spack/linux-ubuntu20.04-x86_64/gcc-9.4.0/autoconf-2.72-tt7xrvlsux2wamo6m7uuzplzhrcz4ecc
==> Installing texinfo-7.1-7vrbfngp7er27p2i5ybow7jsvpms2txy [48/78]
==> No binary for texinfo-7.1-7vrbfngp7er27p2i5ybow7jsvpms2txy found: installing from source
==> Fetching https://ftpmirror.gnu.org/texinfo/texinfo-7.1.tar.gz
==> No patches needed for texinfo
==> texinfo: Executing phase: 'autoreconf'
==> texinfo: Executing phase: 'configure'
==> texinfo: Executing phase: 'build'
==> texinfo: Executing phase: 'install'
==> texinfo: Successfully installed texinfo-7.1-7vrbfngp7er27p2i5ybow7jsvpms2txy
  Stage: 5.79s.  Autoreconf: 0.00s.  Configure: 23.54s.  Build: 6.81s.  Install: 3.12s.  Post-install: 1.21s.  Total: 40.97s
[+] /home/zhaijidong/yhy/.local/spack/opt/spack/linux-ubuntu20.04-x86_64/gcc-9.4.0/texinfo-7.1-7vrbfngp7er27p2i5ybow7jsvpms2txy
==> Installing openssl-3.3.0-hk5eae4xlbjme53vz3t6bkanvfteyxbr [49/78]
==> No binary for openssl-3.3.0-hk5eae4xlbjme53vz3t6bkanvfteyxbr found: installing from source
==> Fetching http://www.openssl.org/source/openssl-3.3.0.tar.gz
==> Ran patch() for openssl
==> openssl: Executing phase: 'install'
==> openssl: Successfully installed openssl-3.3.0-hk5eae4xlbjme53vz3t6bkanvfteyxbr
  Stage: 16.18s.  Install: 1m 5.94s.  Post-install: 0.45s.  Total: 1m 22.84s
[+] /home/zhaijidong/yhy/.local/spack/opt/spack/linux-ubuntu20.04-x86_64/gcc-9.4.0/openssl-3.3.0-hk5eae4xlbjme53vz3t6bkanvfteyxbr
==> Installing libxcrypt-4.4.35-bl44hqtig2t6mkn5wr6trjrqpnpfevkn [50/78]
==> No binary for libxcrypt-4.4.35-bl44hqtig2t6mkn5wr6trjrqpnpfevkn found: installing from source
==> Fetching https://mirror.spack.io/_source-cache/archive/a8/a8c935505b55f1df0d17f8bfd59468c7c6709a1d31831b0f8e3e045ab8fd455d.tar.xz
==> Applied patch /home/zhaijidong/yhy/.local/spack/var/spack/repos/builtin/packages/libxcrypt/commit-95d56e0.patch
==> libxcrypt: Executing phase: 'autoreconf'
==> libxcrypt: Executing phase: 'configure'
==> libxcrypt: Executing phase: 'build'
==> libxcrypt: Executing phase: 'install'
==> libxcrypt: Successfully installed libxcrypt-4.4.35-bl44hqtig2t6mkn5wr6trjrqpnpfevkn
  Stage: 2.18s.  Autoreconf: 0.00s.  Configure: 4.78s.  Build: 1.85s.  Install: 0.35s.  Post-install: 0.17s.  Total: 9.65s
[+] /home/zhaijidong/yhy/.local/spack/opt/spack/linux-ubuntu20.04-x86_64/gcc-9.4.0/libxcrypt-4.4.35-bl44hqtig2t6mkn5wr6trjrqpnpfevkn
==> Installing automake-1.16.5-ya5n3qwu3oaytag6nif6tseciqg5ated [51/78]
==> No binary for automake-1.16.5-ya5n3qwu3oaytag6nif6tseciqg5ated found: installing from source
==> Fetching https://mirror.spack.io/_source-cache/archive/07/07bd24ad08a64bc17250ce09ec56e921d6343903943e99ccf63bbf0705e34605.tar.gz
==> Ran patch() for automake
==> automake: Executing phase: 'autoreconf'
==> automake: Executing phase: 'configure'
==> automake: Executing phase: 'build'
==> automake: Executing phase: 'install'
==> automake: Successfully installed automake-1.16.5-ya5n3qwu3oaytag6nif6tseciqg5ated
  Stage: 2.01s.  Autoreconf: 0.00s.  Configure: 2.54s.  Build: 0.48s.  Install: 0.38s.  Post-install: 0.37s.  Total: 6.15s
[+] /home/zhaijidong/yhy/.local/spack/opt/spack/linux-ubuntu20.04-x86_64/gcc-9.4.0/automake-1.16.5-ya5n3qwu3oaytag6nif6tseciqg5ated
==> Installing curl-8.7.1-w2udc7zxfnwayl3mapvx2mdi4dbay66p [52/78]
==> No binary for curl-8.7.1-w2udc7zxfnwayl3mapvx2mdi4dbay66p found: installing from source
==> Fetching http://curl.haxx.se/download/curl-8.7.1.tar.bz2
==> No patches needed for curl
==> curl: Executing phase: 'autoreconf'
==> curl: Executing phase: 'configure'
==> curl: Executing phase: 'build'
==> curl: Executing phase: 'install'
==> curl: Successfully installed curl-8.7.1-w2udc7zxfnwayl3mapvx2mdi4dbay66p
  Stage: 4.44s.  Autoreconf: 0.00s.  Configure: 19.35s.  Build: 16.23s.  Install: 6.45s.  Post-install: 0.92s.  Total: 47.77s
[+] /home/zhaijidong/yhy/.local/spack/opt/spack/linux-ubuntu20.04-x86_64/gcc-9.4.0/curl-8.7.1-w2udc7zxfnwayl3mapvx2mdi4dbay66p
==> Installing krb5-1.21.2-mxqk436ro2zd2obnriiskmfkcysq35cy [53/78]
==> No binary for krb5-1.21.2-mxqk436ro2zd2obnriiskmfkcysq35cy found: installing from source
==> Fetching https://kerberos.org/dist/krb5/1.21/krb5-1.21.2.tar.gz
==> Ran patch() for krb5
==> krb5: Executing phase: 'autoreconf'
==> krb5: Executing phase: 'configure'
==> krb5: Executing phase: 'build'
==> krb5: Executing phase: 'install'
==> krb5: Successfully installed krb5-1.21.2-mxqk436ro2zd2obnriiskmfkcysq35cy
  Stage: 1m 41.41s.  Autoreconf: 0.00s.  Configure: 16.71s.  Build: 32.20s.  Install: 1.38s.  Post-install: 0.56s.  Total: 2m 32.82s
[+] /home/zhaijidong/yhy/.local/spack/opt/spack/linux-ubuntu20.04-x86_64/gcc-9.4.0/krb5-1.21.2-mxqk436ro2zd2obnriiskmfkcysq35cy
==> Installing libevent-2.1.12-2f56qesgbnpzh2xxsed7zgqxtldfbnhq [54/78]
==> No binary for libevent-2.1.12-2f56qesgbnpzh2xxsed7zgqxtldfbnhq found: installing from source
==> Fetching https://mirror.spack.io/_source-cache/archive/92/92e6de1be9ec176428fd2367677e61ceffc2ee1cb119035037a27d346b0403bb.tar.gz
==> Ran patch() for libevent
==> libevent: Executing phase: 'autoreconf'
==> libevent: Executing phase: 'configure'
==> libevent: Executing phase: 'build'
==> libevent: Executing phase: 'install'
==> libevent: Successfully installed libevent-2.1.12-2f56qesgbnpzh2xxsed7zgqxtldfbnhq
  Stage: 2.76s.  Autoreconf: 0.00s.  Configure: 10.25s.  Build: 5.85s.  Install: 0.56s.  Post-install: 0.24s.  Total: 19.99s
[+] /home/zhaijidong/yhy/.local/spack/opt/spack/linux-ubuntu20.04-x86_64/gcc-9.4.0/libevent-2.1.12-2f56qesgbnpzh2xxsed7zgqxtldfbnhq
==> Installing numactl-2.0.14-2uyhy3pqwukwmmu24te3rmjr7a4gjnxx [55/78]
==> No binary for numactl-2.0.14-2uyhy3pqwukwmmu24te3rmjr7a4gjnxx found: installing from source
==> Fetching https://mirror.spack.io/_source-cache/archive/1e/1ee27abd07ff6ba140aaf9bc6379b37825e54496e01d6f7343330cf1a4487035.tar.gz
==> Applied patch /home/zhaijidong/yhy/.local/spack/var/spack/repos/builtin/packages/numactl/numactl-2.0.14-symver.patch
==> Applied patch /home/zhaijidong/yhy/.local/spack/var/spack/repos/builtin/packages/numactl/fix-empty-block.patch
==> Applied patch /home/zhaijidong/yhy/.local/spack/var/spack/repos/builtin/packages/numactl/link-with-latomic-if-needed.patch
==> numactl: Executing phase: 'autoreconf'
==> numactl: Executing phase: 'configure'
==> numactl: Executing phase: 'build'
==> numactl: Executing phase: 'install'
==> numactl: Successfully installed numactl-2.0.14-2uyhy3pqwukwmmu24te3rmjr7a4gjnxx
  Stage: 1.66s.  Autoreconf: 4.33s.  Configure: 2.43s.  Build: 1.47s.  Install: 0.42s.  Post-install: 0.23s.  Total: 10.95s
[+] /home/zhaijidong/yhy/.local/spack/opt/spack/linux-ubuntu20.04-x86_64/gcc-9.4.0/numactl-2.0.14-2uyhy3pqwukwmmu24te3rmjr7a4gjnxx
==> Installing gmp-6.3.0-jwdvswa5vvsuwfvcal4os2clwbb3cn4c [56/78]
==> No binary for gmp-6.3.0-jwdvswa5vvsuwfvcal4os2clwbb3cn4c found: installing from source
==> Fetching https://ftpmirror.gnu.org/gmp/gmp-6.3.0.tar.bz2
==> No patches needed for gmp
==> gmp: Executing phase: 'autoreconf'
==> gmp: Executing phase: 'configure'
==> gmp: Executing phase: 'build'
==> gmp: Executing phase: 'install'
==> gmp: Successfully installed gmp-6.3.0-jwdvswa5vvsuwfvcal4os2clwbb3cn4c
  Stage: 4.82s.  Autoreconf: 5.48s.  Configure: 13.54s.  Build: 17.27s.  Install: 1.11s.  Post-install: 0.20s.  Total: 42.86s
[+] /home/zhaijidong/yhy/.local/spack/opt/spack/linux-ubuntu20.04-x86_64/gcc-9.4.0/gmp-6.3.0-jwdvswa5vvsuwfvcal4os2clwbb3cn4c
==> Installing cmake-3.29.2-jx3uwkux7m7xthp6v27rxcuk4xinndzf [57/78]
==> No binary for cmake-3.29.2-jx3uwkux7m7xthp6v27rxcuk4xinndzf found: installing from source
==> Fetching https://github.com/Kitware/CMake/releases/download/v3.29.2/cmake-3.29.2.tar.gz
==> No patches needed for cmake
==> cmake: Executing phase: 'bootstrap'
==> cmake: Executing phase: 'build'
==> cmake: Executing phase: 'install'
==> cmake: Successfully installed cmake-3.29.2-jx3uwkux7m7xthp6v27rxcuk4xinndzf
  Stage: 16.39s.  Bootstrap: 1m 17.44s.  Build: 2m 32.44s.  Install: 13.50s.  Post-install: 5.14s.  Total: 4m 25.40s
[+] /home/zhaijidong/yhy/.local/spack/opt/spack/linux-ubuntu20.04-x86_64/gcc-9.4.0/cmake-3.29.2-jx3uwkux7m7xthp6v27rxcuk4xinndzf
==> Installing openssh-9.7p1-mbzvmhulockxnmerd2tvaf66knckqpsw [58/78]
==> No binary for openssh-9.7p1-mbzvmhulockxnmerd2tvaf66knckqpsw found: installing from source
==> Fetching https://mirrors.sonic.net/pub/OpenBSD/OpenSSH/portable/openssh-9.7p1.tar.gz
==> Ran patch() for openssh
==> openssh: Executing phase: 'autoreconf'
==> openssh: Executing phase: 'configure'
==> openssh: Executing phase: 'build'
==> openssh: Executing phase: 'install'
==> openssh: Successfully installed openssh-9.7p1-mbzvmhulockxnmerd2tvaf66knckqpsw
  Stage: 5.80s.  Autoreconf: 0.00s.  Configure: 32.13s.  Build: 6.84s.  Install: 1.29s.  Post-install: 0.34s.  Total: 46.99s
[+] /home/zhaijidong/yhy/.local/spack/opt/spack/linux-ubuntu20.04-x86_64/gcc-9.4.0/openssh-9.7p1-mbzvmhulockxnmerd2tvaf66knckqpsw
==> Installing pmix-4.2.2-3h6bcxuc4hlgztczeuivyguwtgbn2nfv [59/78]
==> No binary for pmix-4.2.2-3h6bcxuc4hlgztczeuivyguwtgbn2nfv found: installing from source
==> Fetching https://mirror.spack.io/_source-cache/archive/93/935b2f492e4bc409017f1425a83366aa72a7039605ea187c9fac7bb1371cd73c.tar.bz2
==> No patches needed for pmix
==> pmix: Executing phase: 'autoreconf'
==> pmix: Executing phase: 'configure'
==> pmix: Executing phase: 'build'
==> pmix: Executing phase: 'install'
==> pmix: Successfully installed pmix-4.2.2-3h6bcxuc4hlgztczeuivyguwtgbn2nfv
  Stage: 2.73s.  Autoreconf: 0.00s.  Configure: 22.07s.  Build: 58.41s.  Install: 5.59s.  Post-install: 0.61s.  Total: 1m 29.88s
[+] /home/zhaijidong/yhy/.local/spack/opt/spack/linux-ubuntu20.04-x86_64/gcc-9.4.0/pmix-4.2.2-3h6bcxuc4hlgztczeuivyguwtgbn2nfv
==> Installing mpfr-4.2.1-u2bdfo5a2xzolx5hy5w3tmi7r7jpqksw [60/78]
==> No binary for mpfr-4.2.1-u2bdfo5a2xzolx5hy5w3tmi7r7jpqksw found: installing from source
==> Fetching https://ftpmirror.gnu.org/mpfr/mpfr-4.2.1.tar.bz2
==> No patches needed for mpfr
==> mpfr: Executing phase: 'autoreconf'
==> mpfr: Executing phase: 'configure'
==> mpfr: Executing phase: 'build'
==> mpfr: Executing phase: 'install'
==> mpfr: Successfully installed mpfr-4.2.1-u2bdfo5a2xzolx5hy5w3tmi7r7jpqksw
  Stage: 4.64s.  Autoreconf: 13.78s.  Configure: 7.26s.  Build: 11.65s.  Install: 0.64s.  Post-install: 0.31s.  Total: 38.87s
[+] /home/zhaijidong/yhy/.local/spack/opt/spack/linux-ubuntu20.04-x86_64/gcc-9.4.0/mpfr-4.2.1-u2bdfo5a2xzolx5hy5w3tmi7r7jpqksw
==> Installing json-c-0.16-zmjhmgu2x3ahgmvlvi2qyqzlgg3uf2mp [61/78]
==> No binary for json-c-0.16-zmjhmgu2x3ahgmvlvi2qyqzlgg3uf2mp found: installing from source
==> Fetching https://mirror.spack.io/_source-cache/archive/8e/8e45ac8f96ec7791eaf3bb7ee50e9c2100bbbc87b8d0f1d030c5ba8a0288d96b.tar.gz
==> No patches needed for json-c
==> json-c: Executing phase: 'cmake'
==> json-c: Executing phase: 'build'
==> json-c: Executing phase: 'install'
==> json-c: Successfully installed json-c-0.16-zmjhmgu2x3ahgmvlvi2qyqzlgg3uf2mp
  Stage: 1.99s.  Cmake: 5.40s.  Build: 6.10s.  Install: 0.72s.  Post-install: 0.20s.  Total: 14.78s
[+] /home/zhaijidong/yhy/.local/spack/opt/spack/linux-ubuntu20.04-x86_64/gcc-9.4.0/json-c-0.16-zmjhmgu2x3ahgmvlvi2qyqzlgg3uf2mp
==> Installing gawk-5.3.0-6qsxzwrataxnjdcasjf6medozlvgd3dh [62/78]
==> No binary for gawk-5.3.0-6qsxzwrataxnjdcasjf6medozlvgd3dh found: installing from source
==> Fetching https://ftpmirror.gnu.org/gawk/gawk-5.3.0.tar.xz
==> No patches needed for gawk
==> gawk: Executing phase: 'autoreconf'
==> gawk: Executing phase: 'configure'
==> gawk: Executing phase: 'build'
==> gawk: Executing phase: 'install'
==> gawk: Successfully installed gawk-5.3.0-6qsxzwrataxnjdcasjf6medozlvgd3dh
  Stage: 4.99s.  Autoreconf: 0.00s.  Configure: 11.51s.  Build: 5.19s.  Install: 1.38s.  Post-install: 0.40s.  Total: 24.04s
[+] /home/zhaijidong/yhy/.local/spack/opt/spack/linux-ubuntu20.04-x86_64/gcc-9.4.0/gawk-5.3.0-6qsxzwrataxnjdcasjf6medozlvgd3dh
==> Installing libgpg-error-1.49-wzfmvwbjhmhnfjb7rja7353hrfeduti6 [63/78]
==> No binary for libgpg-error-1.49-wzfmvwbjhmhnfjb7rja7353hrfeduti6 found: installing from source
==> Fetching https://gnupg.org/ftp/gcrypt/libgpg-error/libgpg-error-1.49.tar.bz2
==> No patches needed for libgpg-error
==> libgpg-error: Executing phase: 'autoreconf'
==> libgpg-error: Executing phase: 'configure'
==> libgpg-error: Executing phase: 'build'
==> libgpg-error: Executing phase: 'install'
==> libgpg-error: Successfully installed libgpg-error-1.49-wzfmvwbjhmhnfjb7rja7353hrfeduti6
  Stage: 4.99s.  Autoreconf: 0.00s.  Configure: 5.67s.  Build: 4.54s.  Install: 0.85s.  Post-install: 0.43s.  Total: 17.06s
[+] /home/zhaijidong/yhy/.local/spack/opt/spack/linux-ubuntu20.04-x86_64/gcc-9.4.0/libgpg-error-1.49-wzfmvwbjhmhnfjb7rja7353hrfeduti6
==> Installing libgcrypt-1.10.3-yjdbqdg32l3xdlreezyvyogxgf5ylr7y [64/78]
==> No binary for libgcrypt-1.10.3-yjdbqdg32l3xdlreezyvyogxgf5ylr7y found: installing from source
==> Fetching https://gnupg.org/ftp/gcrypt/libgcrypt/libgcrypt-1.10.3.tar.bz2
==> No patches needed for libgcrypt
==> libgcrypt: Executing phase: 'autoreconf'
==> libgcrypt: Executing phase: 'configure'
==> libgcrypt: Executing phase: 'build'
==> libgcrypt: Executing phase: 'install'
==> libgcrypt: Successfully installed libgcrypt-1.10.3-yjdbqdg32l3xdlreezyvyogxgf5ylr7y
  Stage: 5.90s.  Autoreconf: 0.00s.  Configure: 9.18s.  Build: 8.49s.  Install: 0.53s.  Post-install: 0.31s.  Total: 25.00s
[+] /home/zhaijidong/yhy/.local/spack/opt/spack/linux-ubuntu20.04-x86_64/gcc-9.4.0/libgcrypt-1.10.3-yjdbqdg32l3xdlreezyvyogxgf5ylr7y
==> Installing munge-0.5.15-6kswaisi2m6t3klrkwup6p4goz7owhnj [65/78]
==> No binary for munge-0.5.15-6kswaisi2m6t3klrkwup6p4goz7owhnj found: installing from source
==> Fetching https://mirror.spack.io/_source-cache/archive/3f/3f979df117a34c74db8fe2835521044bdeb08e3b7d0f168ca97c3547f51da9ba.tar.xz
==> No patches needed for munge
==> munge: Executing phase: 'autoreconf'
==> munge: Executing phase: 'configure'
==> munge: Executing phase: 'build'
==> munge: Executing phase: 'install'
==> munge: Successfully installed munge-0.5.15-6kswaisi2m6t3klrkwup6p4goz7owhnj
  Stage: 1.93s.  Autoreconf: 0.00s.  Configure: 9.93s.  Build: 3.30s.  Install: 1.38s.  Post-install: 0.34s.  Total: 17.47s
[+] /home/zhaijidong/yhy/.local/spack/opt/spack/linux-ubuntu20.04-x86_64/gcc-9.4.0/munge-0.5.15-6kswaisi2m6t3klrkwup6p4goz7owhnj
==> Error: openmpi-4.1.5-cwg6fheor5zu3aliiakfumfu4kxwjd4y: Package was not installed
==> Error: Installation request failed.  Refer to reported errors for failing package(s).
